0 silly input [ 'bootstrap' ]
1 silly flags { _: [ 'bootstrap' ], sort: true, concurrency: 4 }
2 verbose rootPath /Users/willhuang/workspace/webpack-code-splitting
3 info version 2.0.0-rc.4
4 silly isInitialized
5 silly isInitialized true
6 silly existsSync /Users/willhuang/workspace/webpack-code-splitting/VERSION
7 silly initialize attempt
8 silly initialize success
9 silly execute attempt
10 info Bootstrapping 5 packages
11 info lifecycle preinstall
12 silly runScript preinstall modules
13 silly modules
14 silly runScript preinstall app3
15 silly app3
16 silly runScript preinstall reason-webpack
17 silly reason-webpack
18 silly runScript preinstall modules
19 silly modules
20 silly runScript preinstall app3
21 silly app3
22 silly hasDependencyInstalled reason-webpack reason-js
23 silly dependencyIsSatisfied [ 'reason-js',
23 silly dependencyIsSatisfied   '^0.3.0',
23 silly dependencyIsSatisfied   '/Users/willhuang/workspace/webpack-code-splitting/packages/app4/node_modules' ]
24 verbose dependencyIsSatisfied reason-js false
25 silly hasDependencyInstalled reason-webpack reason-react
26 silly dependencyIsSatisfied [ 'reason-react',
26 silly dependencyIsSatisfied   '^0.1.3',
26 silly dependencyIsSatisfied   '/Users/willhuang/workspace/webpack-code-splitting/packages/app4/node_modules' ]
27 verbose dependencyIsSatisfied reason-react false
28 silly hasDependencyInstalled modules react
29 silly dependencyIsSatisfied [ 'react',
29 silly dependencyIsSatisfied   '^15.5.4',
29 silly dependencyIsSatisfied   '/Users/willhuang/workspace/webpack-code-splitting/packages/app1/node_modules' ]
30 verbose dependencyIsSatisfied react false
31 silly hasDependencyInstalled reason-webpack react
32 silly dependencyIsSatisfied [ 'react',
32 silly dependencyIsSatisfied   '^15.5.4',
32 silly dependencyIsSatisfied   '/Users/willhuang/workspace/webpack-code-splitting/packages/app4/node_modules' ]
33 verbose dependencyIsSatisfied react true
34 silly hasDependencyInstalled modules react
35 silly dependencyIsSatisfied [ 'react',
35 silly dependencyIsSatisfied   '^15.5.4',
35 silly dependencyIsSatisfied   '/Users/willhuang/workspace/webpack-code-splitting/packages/app1/node_modules' ]
36 verbose dependencyIsSatisfied react false
37 silly hasDependencyInstalled modules react-dom
38 silly dependencyIsSatisfied [ 'react-dom',
38 silly dependencyIsSatisfied   '^15.5.4',
38 silly dependencyIsSatisfied   '/Users/willhuang/workspace/webpack-code-splitting/packages/app1/node_modules' ]
39 verbose dependencyIsSatisfied react-dom false
40 silly hasDependencyInstalled reason-webpack react-dom
41 silly dependencyIsSatisfied [ 'react-dom',
41 silly dependencyIsSatisfied   '^15.5.4',
41 silly dependencyIsSatisfied   '/Users/willhuang/workspace/webpack-code-splitting/packages/app4/node_modules' ]
42 verbose dependencyIsSatisfied react-dom false
43 silly hasDependencyInstalled modules react-dom
44 silly dependencyIsSatisfied [ 'react-dom',
44 silly dependencyIsSatisfied   '^15.5.4',
44 silly dependencyIsSatisfied   '/Users/willhuang/workspace/webpack-code-splitting/packages/app1/node_modules' ]
45 verbose dependencyIsSatisfied react-dom false
46 silly hasDependencyInstalled modules react-router-dom
47 silly dependencyIsSatisfied [ 'react-router-dom',
47 silly dependencyIsSatisfied   '^4.1.1',
47 silly dependencyIsSatisfied   '/Users/willhuang/workspace/webpack-code-splitting/packages/app1/node_modules' ]
48 verbose dependencyIsSatisfied react-router-dom false
49 silly hasDependencyInstalled modules react-router-dom
50 silly dependencyIsSatisfied [ 'react-router-dom',
50 silly dependencyIsSatisfied   '^4.1.1',
50 silly dependencyIsSatisfied   '/Users/willhuang/workspace/webpack-code-splitting/packages/app1/node_modules' ]
51 verbose dependencyIsSatisfied react-router-dom false
52 silly hasDependencyInstalled app3 preact
53 silly dependencyIsSatisfied [ 'preact',
53 silly dependencyIsSatisfied   '^8.1.0',
53 silly dependencyIsSatisfied   '/Users/willhuang/workspace/webpack-code-splitting/packages/app3/node_modules' ]
54 verbose dependencyIsSatisfied preact false
55 silly hasDependencyInstalled app3 preact
56 silly dependencyIsSatisfied [ 'preact',
56 silly dependencyIsSatisfied   '^8.1.0',
56 silly dependencyIsSatisfied   '/Users/willhuang/workspace/webpack-code-splitting/packages/app3/node_modules' ]
57 verbose dependencyIsSatisfied preact false
58 silly root dependencies []
59 silly leaf dependencies {
59 silly leaf dependencies   "reason-webpack": [
59 silly leaf dependencies     {
59 silly leaf dependencies       "dependency": "reason-js@^0.3.0",
59 silly leaf dependencies       "isSatisfied": false
59 silly leaf dependencies     },
59 silly leaf dependencies     {
59 silly leaf dependencies       "dependency": "reason-react@^0.1.3",
59 silly leaf dependencies       "isSatisfied": false
59 silly leaf dependencies     },
59 silly leaf dependencies     {
59 silly leaf dependencies       "dependency": "react@^15.5.4",
59 silly leaf dependencies       "isSatisfied": true
59 silly leaf dependencies     },
59 silly leaf dependencies     {
59 silly leaf dependencies       "dependency": "react-dom@^15.5.4",
59 silly leaf dependencies       "isSatisfied": false
59 silly leaf dependencies     }
59 silly leaf dependencies   ],
59 silly leaf dependencies   "modules": [
59 silly leaf dependencies     {
59 silly leaf dependencies       "dependency": "react@^15.5.4",
59 silly leaf dependencies       "isSatisfied": false
59 silly leaf dependencies     },
59 silly leaf dependencies     {
59 silly leaf dependencies       "dependency": "react@^15.5.4",
59 silly leaf dependencies       "isSatisfied": false
59 silly leaf dependencies     },
59 silly leaf dependencies     {
59 silly leaf dependencies       "dependency": "react-dom@^15.5.4",
59 silly leaf dependencies       "isSatisfied": false
59 silly leaf dependencies     },
59 silly leaf dependencies     {
59 silly leaf dependencies       "dependency": "react-dom@^15.5.4",
59 silly leaf dependencies       "isSatisfied": false
59 silly leaf dependencies     },
59 silly leaf dependencies     {
59 silly leaf dependencies       "dependency": "react-router-dom@^4.1.1",
59 silly leaf dependencies       "isSatisfied": false
59 silly leaf dependencies     },
59 silly leaf dependencies     {
59 silly leaf dependencies       "dependency": "react-router-dom@^4.1.1",
59 silly leaf dependencies       "isSatisfied": false
59 silly leaf dependencies     }
59 silly leaf dependencies   ],
59 silly leaf dependencies   "app3": [
59 silly leaf dependencies     {
59 silly leaf dependencies       "dependency": "preact@^8.1.0",
59 silly leaf dependencies       "isSatisfied": false
59 silly leaf dependencies     },
59 silly leaf dependencies     {
59 silly leaf dependencies       "dependency": "preact@^8.1.0",
59 silly leaf dependencies       "isSatisfied": false
59 silly leaf dependencies     }
59 silly leaf dependencies   ]
59 silly leaf dependencies }
60 info Installing external dependencies
61 verbose actions 3 actions, concurrency 4
62 silly installInDir app4 [ 'reason-js@^0.3.0',
62 silly installInDir   'reason-react@^0.1.3',
62 silly installInDir   'react@^15.5.4',
62 silly installInDir   'react-dom@^15.5.4' ]
63 silly installInDir backup /Users/willhuang/workspace/webpack-code-splitting/packages/app4/package.json
64 silly rename [ '/Users/willhuang/workspace/webpack-code-splitting/packages/app4/package.json',
64 silly rename   '/Users/willhuang/workspace/webpack-code-splitting/packages/app4/package.json.lerna_backup' ]
65 silly installInDir app5 [ 'react@^15.5.4',
65 silly installInDir   'react@^15.5.4',
65 silly installInDir   'react-dom@^15.5.4',
65 silly installInDir   'react-dom@^15.5.4',
65 silly installInDir   'react-router-dom@^4.1.1',
65 silly installInDir   'react-router-dom@^4.1.1' ]
66 silly installInDir backup /Users/willhuang/workspace/webpack-code-splitting/packages/app5/package.json
67 silly rename [ '/Users/willhuang/workspace/webpack-code-splitting/packages/app5/package.json',
67 silly rename   '/Users/willhuang/workspace/webpack-code-splitting/packages/app5/package.json.lerna_backup' ]
68 silly installInDir app6 [ 'preact@^8.1.0', 'preact@^8.1.0' ]
69 silly installInDir backup /Users/willhuang/workspace/webpack-code-splitting/packages/app6/package.json
70 silly rename [ '/Users/willhuang/workspace/webpack-code-splitting/packages/app6/package.json',
70 silly rename   '/Users/willhuang/workspace/webpack-code-splitting/packages/app6/package.json.lerna_backup' ]
71 silly installInDir writing tempJson { dependencies:
71 silly installInDir    { 'reason-js': '^0.3.0',
71 silly installInDir      'reason-react': '^0.1.3',
71 silly installInDir      react: '^15.5.4',
71 silly installInDir      'react-dom': '^15.5.4' } }
72 silly installInDir writing tempJson { dependencies:
72 silly installInDir    { react: '^15.5.4',
72 silly installInDir      'react-dom': '^15.5.4',
72 silly installInDir      'react-router-dom': '^4.1.1' } }
73 silly installInDir writing tempJson { dependencies: { preact: '^8.1.0' } }
74 silly getExecOpts { cwd: '/Users/willhuang/workspace/webpack-code-splitting/packages/app4' }
75 silly installInDir [ 'yarn', [ 'install', '--mutex', 'network:42424' ] ]
76 silly getExecOpts { cwd: '/Users/willhuang/workspace/webpack-code-splitting/packages/app5' }
77 silly installInDir [ 'yarn', [ 'install', '--mutex', 'network:42424' ] ]
78 silly getExecOpts { cwd: '/Users/willhuang/workspace/webpack-code-splitting/packages/app6' }
79 silly installInDir [ 'yarn', [ 'install', '--mutex', 'network:42424' ] ]
80 silly installInDir cleanup /Users/willhuang/workspace/webpack-code-splitting/packages/app4/package.json
81 silly renameSync [ '/Users/willhuang/workspace/webpack-code-splitting/packages/app4/package.json.lerna_backup',
81 silly renameSync   '/Users/willhuang/workspace/webpack-code-splitting/packages/app4/package.json' ]
82 verbose installed leaf reason-webpack
83 error execute Error: Command failed: yarn install --mutex network:42424
83 error execute warning No license field
83 error execute error An unexpected error occurred: "https://registry.yarnpkg.com/reason-js: ETIMEDOUT".
83 error execute yarn install v0.24.5
83 error execute [1/4] Resolving packages...
83 error execute info If you think this is a bug, please open a bug report with the information provided in "/Users/willhuang/workspace/webpack-code-splitting/packages/app4/yarn-error.log".
83 error execute info Visit https://yarnpkg.com/en/docs/cli/install for documentation about this command.
83 error execute
83 error execute     at Promise.all.then.arr (/Users/willhuang/workspace/webpack-code-splitting/node_modules/execa/index.js:210:11)
83 error execute     at process._tickCallback (internal/process/next_tick.js:109:7)
83 error execute  callback with error
83 error execute  { Error: Command failed: yarn install --mutex network:42424
83 error execute warning No license field
83 error execute error An unexpected error occurred: "https://registry.yarnpkg.com/reason-js: ETIMEDOUT".
83 error execute yarn install v0.24.5
83 error execute [1/4] Resolving packages...
83 error execute info If you think this is a bug, please open a bug report with the information provided in "/Users/willhuang/workspace/webpack-code-splitting/packages/app4/yarn-error.log".
83 error execute info Visit https://yarnpkg.com/en/docs/cli/install for documentation about this command.
83 error execute
83 error execute     at Promise.all.then.arr (/Users/willhuang/workspace/webpack-code-splitting/node_modules/execa/index.js:210:11)
83 error execute     at process._tickCallback (internal/process/next_tick.js:109:7)
83 error execute   code: 1,
83 error execute   killed: false,
83 error execute   stdout: 'yarn install v0.24.5\n[1/4] Resolving packages...\ninfo If you think this is a bug, please open a bug report with the information provided in "/Users/willhuang/workspace/webpack-code-splitting/packages/app4/yarn-error.log".\ninfo Visit https://yarnpkg.com/en/docs/cli/install for documentation about this command.\n',
83 error execute   stderr: 'warning No license field\nerror An unexpected error occurred: "https://registry.yarnpkg.com/reason-js: ETIMEDOUT".\n',
83 error execute   failed: true,
83 error execute   signal: null,
83 error execute   cmd: 'yarn install --mutex network:42424',
83 error execute   timedOut: false }
